[16:56:12] INFO 🤖 Запуск поискового робота EPG...
[16:56:14] INFO ✅ Первый канал: 7 передач
[16:56:14] INFO ✅ Россия 1: 7 передач
[16:56:14] INFO ✅ НТВ: 7 передач
[16:56:14] INFO ✅ СТС: 7 передач
[16:56:14] INFO ✅ РЕН ТВ: 7 передач
[16:56:14] INFO ✅ ТНТ: 7 передач
[16:56:14] INFO ✅ Пятый канал: 7 передач
[16:56:14] INFO ✅ МУЗ-ТВ: 7 передач
[16:56:14] INFO ✅ Звезда: 7 передач
[16:56:14] INFO ✅ Матч! ТВ: 7 передач
[16:56:14] INFO ✅ Россия 24: 7 передач
[16:56:14] INFO ✅ ОТР: 7 передач
[16:56:14] INFO ✅ Дом Кино: 7 передач
[16:56:14] INFO ✅ Наука: 7 передач
[16:56:14] INFO ✅ Карусель: 7 передач
[16:56:14] INFO ✅ ТВ Центр: 7 передач
[16:56:14] INFO ✅ ТВ-3: 7 передач
[16:56:14] INFO ✅ Суббота!: 7 передач
[16:56:14] INFO ✅ Четвёрка: 7 передач
[16:56:14] INFO ✅ Дождь: 7 передач
[16:56:14] INFO 📺 Итого: 140 передач по 20 каналам
[16:56:14] INFO 💾 data/schedule.json сохранён
[16:56:14] INFO 📡 data/epg.xml сохранён
[17:13:02] 🤖 Запуск EPG-робота v2 ...
[17:13:02] 📡 Шаг 1: поиск в публичных XMLTV-источниках...
[17:13:02]   → https://epg.one/epg.xml
[17:13:04]   ✅ Получено 939 программ
[17:13:04] 🔍 Шаг 2: API-поиск для 1 каналов без расписания...
[17:13:05]   ✅ МТС ТВ: 7 передач (API)
[17:13:05] 🆕 Шаг 3: поиск новых каналов...
[17:13:06]   🆕 Авто-найдено 200 новых каналов
[17:13:06] 📺 Шаг 4: загрузка плейлистов OinkTech...
[17:13:07]   📡 Плейлист: 17 каналов со стримами
[17:13:07] ✅ Итого: 32 каналов, 928 передач
[17:13:07] 💾 data/schedule.json сохранён
[17:13:07] 📡 data/epg.xml сохранён
[17:15:07] 🤖 Запуск EPG-робота v2 ...
[17:15:07] 📡 Шаг 1: поиск в публичных XMLTV-источниках...
[17:15:07]   → https://epg.one/epg.xml
[17:15:09]   ✅ Получено 927 программ
[17:15:09] 🔍 Шаг 2: API-поиск для 1 каналов без расписания...
[17:15:11]   ✅ МТС ТВ: 7 передач (API)
[17:15:11] 🆕 Шаг 3: поиск новых каналов...
[17:15:12]   🆕 Авто-найдено 200 новых каналов
[17:15:12] 📺 Шаг 4: загрузка плейлистов OinkTech...
[17:15:12]   📡 Плейлист: 17 каналов со стримами
[17:15:12] ✅ Итого: 32 каналов, 918 передач
[17:15:12] 💾 data/schedule.json сохранён
[17:15:12] 📡 data/epg.xml сохранён
[17:44:01] 🤖 Запуск EPG-робота v2 ...
[17:44:01] 📡 Шаг 1: поиск в публичных XMLTV-источниках...
[17:44:01]   → https://epg.one/epg.xml
[17:44:02]   ✅ Получено 847 программ
[17:44:02] 🔍 Шаг 2: API-поиск для 1 каналов без расписания...
[17:44:04]   ✅ МТС ТВ: 7 передач (API)
[17:44:04] 🆕 Шаг 3: поиск новых каналов...
[17:44:04]   🆕 Авто-найдено 200 новых каналов
[17:44:04] 📺 Шаг 4: загрузка плейлистов OinkTech...
[17:44:04]   📡 Плейлист: 17 каналов со стримами
[17:44:04] ✅ Итого: 32 каналов, 840 передач
[17:44:04] 💾 data/schedule.json сохранён
[17:44:04] 📡 data/epg.xml сохранён
[04:16:40] 🤖 Запуск EPG-робота v2 ...
[04:16:40] 📡 Шаг 1: поиск в публичных XMLTV-источниках...
[04:16:40]   → https://epg.one/epg.xml
[04:16:41]   ✅ Получено 2893 программ
[04:16:41] 🔍 Шаг 2: API-поиск для 4 каналов без расписания...
[04:16:43]   ✅ Дождь: 7 передач (API)
[04:16:43]   ✅ МТС ТВ: 7 передач (API)
[04:16:43]   ✅ RTVI: 7 передач (API)
[04:16:43]   ✅ Boomerang: 7 передач (API)
[04:16:43] 🆕 Шаг 3: поиск новых каналов...
[04:16:43]   🆕 Авто-найдено 200 новых каналов
[04:16:43] 📺 Шаг 4: загрузка плейлистов OinkTech...
[04:16:43]   📡 Плейлист: 17 каналов со стримами
[04:16:43] ✅ Итого: 32 каналов, 2802 передач
[04:16:43] 💾 data/schedule.json сохранён
[04:16:44] 📡 data/epg.xml сохранён
[04:17:52] 🤖 Запуск EPG-робота v2 ...
[04:17:52] 📡 Шаг 1: поиск в публичных XMLTV-источниках...
[04:17:52]   → https://epg.one/epg.xml
[04:17:53]   ✅ Получено 2893 программ
[04:17:53] 🔍 Шаг 2: API-поиск для 4 каналов без расписания...
[04:17:54]   ✅ Дождь: 7 передач (API)
[04:17:54]   ✅ МТС ТВ: 7 передач (API)
[04:17:54]   ✅ RTVI: 7 передач (API)
[04:17:54]   ✅ Boomerang: 7 передач (API)
[04:17:54] 🆕 Шаг 3: поиск новых каналов...
[04:17:55]   🆕 Авто-найдено 200 новых каналов
[04:17:55] 📺 Шаг 4: загрузка плейлистов OinkTech...
[04:17:55]   📡 Плейлист: 17 каналов со стримами
[04:17:55] ✅ Итого: 32 каналов, 2802 передач
[04:17:55] 💾 data/schedule.json сохранён
[04:17:55] 📡 data/epg.xml сохранён
